This is e-pTeX, Version 3.14159265-p3.7-160201-2.6 (utf8.euc) (TeX Live 2016) (preloaded format=platex 2016.6.29)  18 JUL 2016 17:11
entering extended mode
 restricted \write18 enabled.
 file:line:error style messages enabled.
 %&-line parsing enabled.
**funpro.sty
(./funpro.sty
pLaTeX2e <2016/06/10>+1 (based on LaTeX2e <2016/03/31> patch level 2)
Babel <3.9r> and hyphenation patterns for 83 language(s) loaded.

LaTeX Warning: You have requested package `',
               but the package provides `funpro'.

Package: funpro 2004/11/25 v2.0 Thor
(./url.sty
\Urlmuskip=\muskip10
Package: url 1999/03/28  ver 1.5x  Verb mode for urls, etc.
) (./okumacro.sty
Package: okumacro 2004/08/23 okumura
\@scw=\dimen118
\scb@x=\box41
\EXAMPLEWIDTH=\dimen119
\shaderule=\dimen120
)
(/usr/local/texlive/2016/texmf-dist/tex/latex/tools/verbatim.sty
Package: verbatim 2014/10/28 v1.5q LaTeX2e package for verbatim enhancements
\every@verbatim=\toks15
\verbatim@line=\toks16
\verbatim@in@stream=\read1
)

./funpro.sty:27: LaTeX Error: Missing \begin{document}.

See the LaTeX manual or LaTeX Companion for explanation.
Type  H <return>  for immediate help.
 ...                                              
                                                  
l.27 \newif\if@
               mid@
? 
./funpro.sty:27: Emergency stop.
 ...                                              
                                                  
l.27 \newif\if@
               mid@
You're in trouble here.  Try typing  <return>  to proceed.
If that doesn't work, type  X <return>  to quit.

 
Here is how much of TeX's memory you used:
 198 strings out of 493682
 1969 string characters out of 6149639
 60121 words of memory out of 5000000
 3855 multiletter control sequences out of 15000+600000
 7511 words of font info for 31 fonts, out of 8000000 for 9000
 929 hyphenation exceptions out of 8191
 19i,0n,21p,134b,16s stack positions out of 5000i,500n,10000p,200000b,80000s
No pages of output.
