This is e-pTeX, Version 3.14159265-p3.7-160201-2.6 (utf8.euc) (TeX Live 2016) (preloaded format=platex 2016.7.18)  23 JUL 2016 00:46
entering extended mode
 restricted \write18 enabled.
 %&-line parsing enabled.
**report
(./report.tex
pLaTeX2e <2016/07/01> (based on LaTeX2e <2016/03/31> patch level 2)
Babel <3.9r> and hyphenation patterns for 83 language(s) loaded.
(./jsbook.cls
Document Class: jsbook 2004/11/03 okumura
LaTeX Info: Redefining \rmfamily on input line 303.
LaTeX Info: Redefining \sffamily on input line 306.
LaTeX Info: Redefining \ttfamily on input line 309.
\symmincho=\mathgroup4
LaTeX Font Info:    Overwriting symbol font `mincho' in version `bold'
(Font)                  JY1/mc/m/n --> JY1/gt/m/n on input line 317.
LaTeX Font Info:    Font shape `JT1/mc/m/n' will be
(Font)              scaled to size 9.60999pt on input line 368.
LaTeX Font Info:    Font shape `JY1/mc/m/n' will be
(Font)              scaled to size 9.60999pt on input line 368.
\fullwidth=\dimen118
LaTeX Font Info:    Font shape `JT1/mc/m/n' will be
(Font)              scaled to size 7.68799pt on input line 507.
LaTeX Font Info:    Font shape `JY1/mc/m/n' will be
(Font)              scaled to size 7.68799pt on input line 507.
\c@part=\count81
\c@chapter=\count82
\c@section=\count83
\c@subsection=\count84
\c@subsubsection=\count85
\c@paragraph=\count86
\c@subparagraph=\count87
\c@figure=\count88
\c@table=\count89
\abovecaptionskip=\skip41
\belowcaptionskip=\skip42
\@lnumwidth=\dimen119
\bibindent=\dimen120
LaTeX Info: Redefining \TeX on input line 1474.
LaTeX Info: Redefining \LaTeX on input line 1496.
LaTeX Info: Redefining \LaTeXe on input line 1517.
\heisei=\count90
) (./funpro.sty
Package: funpro 2004/11/25 v2.0 Thor
 (./url.sty
\Urlmuskip=\muskip10
Package: url 1999/03/28  ver 1.5x  Verb mode for urls, etc.
) (./okumacro.sty
Package: okumacro 2004/08/23 okumura
\@scw=\dimen121
\scb@x=\box41
\EXAMPLEWIDTH=\dimen122
\shaderule=\dimen123
)
(/usr/local/texlive/2016/texmf-dist/tex/latex/tools/verbatim.sty
Package: verbatim 2014/10/28 v1.5q LaTeX2e package for verbatim enhancements
\every@verbatim=\toks15
\verbatim@line=\toks16
\verbatim@in@stream=\read1
)
\fullwidth=\dimen124
\@members=\count91
)
(/usr/local/texlive/2016/texmf-dist/tex/latex/graphics/graphicx.sty
Package: graphicx 2014/10/28 v1.0g Enhanced LaTeX Graphics (DPC,SPQR)

(/usr/local/texlive/2016/texmf-dist/tex/latex/graphics/keyval.sty
Package: keyval 2014/10/28 v1.15 key=value parser (DPC)
\KV@toks@=\toks17
)
(/usr/local/texlive/2016/texmf-dist/tex/latex/graphics/graphics.sty
Package: graphics 2016/07/10 v1.0t Standard LaTeX Graphics (DPC,SPQR)

(/usr/local/texlive/2016/texmf-dist/tex/latex/graphics/trig.sty
Package: trig 2016/01/03 v1.10 sin cos tan (DPC)
)
(/usr/local/texlive/2016/texmf-dist/tex/latex/graphics-cfg/graphics.cfg
File: graphics.cfg 2016/06/04 v1.11 sample graphics configuration
)
Package graphics Info: Driver file: dvipdfmx.def on input line 99.

(/usr/local/texlive/2016/texmf-dist/tex/latex/graphics-def/dvipdfmx.def
File: dvipdfmx.def 2016/07/11 v4.12 LaTeX color/graphics driver for dvipdfmx (L
3/ChoF)
))
\Gin@req@height=\dimen125
\Gin@req@width=\dimen126
)
(/usr/local/texlive/2016/texmf-dist/tex/latex/graphics/color.sty
Package: color 2016/07/10 v1.1e Standard LaTeX Color (DPC)

(/usr/local/texlive/2016/texmf-dist/tex/latex/graphics-cfg/color.cfg
File: color.cfg 2016/01/02 v1.6 sample color configuration
)
Package color Info: Driver file: dvipdfmx.def on input line 147.

(/usr/local/texlive/2016/texmf-dist/tex/latex/graphics/dvipsnam.def
File: dvipsnam.def 2016/06/17 v3.0m Driver-dependent file (DPC,SPQR)
))
(/usr/local/texlive/2016/texmf-dist/tex/latex/tools/calc.sty
Package: calc 2014/10/28 v4.3 Infix arithmetic (KKT,FJ)
\calc@Acount=\count92
\calc@Bcount=\count93
\calc@Adimen=\dimen127
\calc@Bdimen=\dimen128
\calc@Askip=\skip43
\calc@Bskip=\skip44
LaTeX Info: Redefining \setlength on input line 80.
LaTeX Info: Redefining \addtolength on input line 81.
\calc@Ccount=\count94
\calc@Cskip=\skip45
)
(/usr/local/texlive/2016/texmf-dist/tex/latex/base/ifthen.sty
Package: ifthen 2014/09/29 v1.1c Standard LaTeX ifthen package (DPC)
)
\c@hoge=\count95
 (./report.aux

LaTeX Warning: Label `fig:lena' multiply defined.


LaTeX Warning: Label `fig:lena' multiply defined.


LaTeX Warning: Label `fig:lena' multiply defined.


LaTeX Warning: Label `fig:lena' multiply defined.


LaTeX Warning: Label `fig:lena' multiply defined.


LaTeX Warning: Label `fig:lena' multiply defined.


LaTeX Warning: Label `fig:lena' multiply defined.


LaTeX Warning: Label `fig:lena' multiply defined.


LaTeX Warning: Label `ラベル' multiply defined.


LaTeX Warning: Label `ラベル' multiply defined.


LaTeX Warning: Label `ラベル' multiply defined.


LaTeX Warning: Label `ラベル' multiply defined.


LaTeX Warning: Label `ラベル' multiply defined.


LaTeX Warning: Label `ラベル' multiply defined.


LaTeX Warning: Label `ラベル' multiply defined.

)
\openout1 = `report.aux'.

LaTeX Font Info:    Checking defaults for OML/cmm/m/it on input line 64.
LaTeX Font Info:    ... okay on input line 64.
LaTeX Font Info:    Checking defaults for T1/cmr/m/n on input line 64.
LaTeX Font Info:    ... okay on input line 64.
LaTeX Font Info:    Checking defaults for OT1/cmr/m/n on input line 64.
LaTeX Font Info:    ... okay on input line 64.
LaTeX Font Info:    Checking defaults for OMS/cmsy/m/n on input line 64.
LaTeX Font Info:    ... okay on input line 64.
LaTeX Font Info:    Checking defaults for OMX/cmex/m/n on input line 64.
LaTeX Font Info:    ... okay on input line 64.
LaTeX Font Info:    Checking defaults for U/cmr/m/n on input line 64.
LaTeX Font Info:    ... okay on input line 64.
LaTeX Font Info:    Checking defaults for JY1/mc/m/n on input line 64.
LaTeX Font Info:    ... okay on input line 64.
LaTeX Font Info:    Checking defaults for JT1/mc/m/n on input line 64.
LaTeX Font Info:    ... okay on input line 64.
LaTeX Font Info:    Font shape `JT1/mc/m/n' will be
(Font)              scaled to size 13.83836pt on input line 67.
LaTeX Font Info:    Font shape `JY1/mc/m/n' will be
(Font)              scaled to size 13.83836pt on input line 67.
LaTeX Font Info:    Font shape `JT1/gt/m/n' will be
(Font)              scaled to size 13.83836pt on input line 67.
LaTeX Font Info:    Font shape `JY1/gt/m/n' will be
(Font)              scaled to size 13.83836pt on input line 67.
LaTeX Font Info:    Font shape `JT1/gt/bx/n' in size <14.4> not available
(Font)              Font shape `JT1/gt/m/n' tried instead on input line 67.
LaTeX Font Info:    Font shape `JT1/gt/m/n' will be
(Font)              scaled to size 13.83836pt on input line 67.
LaTeX Font Info:    Font shape `JY1/gt/bx/n' in size <14.4> not available
(Font)              Font shape `JY1/gt/m/n' tried instead on input line 67.
LaTeX Font Info:    Font shape `JY1/gt/m/n' will be
(Font)              scaled to size 13.83836pt on input line 67.
LaTeX Font Info:    Font shape `JT1/gt/m/n' will be
(Font)              scaled to size 9.60999pt on input line 67.
LaTeX Font Info:    Font shape `JY1/gt/m/n' will be
(Font)              scaled to size 9.60999pt on input line 67.
LaTeX Font Info:    Font shape `JT1/gt/bx/n' in size <10> not available
(Font)              Font shape `JT1/gt/m/n' tried instead on input line 67.
LaTeX Font Info:    Font shape `JT1/gt/m/n' will be
(Font)              scaled to size 9.60999pt on input line 67.
LaTeX Font Info:    Font shape `JY1/gt/bx/n' in size <10> not available
(Font)              Font shape `JY1/gt/m/n' tried instead on input line 67.
LaTeX Font Info:    Font shape `JY1/gt/m/n' will be
(Font)              scaled to size 9.60999pt on input line 67.
LaTeX Font Info:    Font shape `JT1/mc/m/n' will be
(Font)              scaled to size 11.53198pt on input line 67.
LaTeX Font Info:    Font shape `JY1/mc/m/n' will be
(Font)              scaled to size 11.53198pt on input line 67.
LaTeX Font Info:    Font shape `JT1/gt/m/n' will be
(Font)              scaled to size 11.53198pt on input line 67.
LaTeX Font Info:    Font shape `JY1/gt/m/n' will be
(Font)              scaled to size 11.53198pt on input line 67.
LaTeX Font Info:    Font shape `JT1/gt/bx/n' in size <12> not available
(Font)              Font shape `JT1/gt/m/n' tried instead on input line 67.
LaTeX Font Info:    Font shape `JT1/gt/m/n' will be
(Font)              scaled to size 11.53198pt on input line 67.
LaTeX Font Info:    Font shape `JY1/gt/bx/n' in size <12> not available
(Font)              Font shape `JY1/gt/m/n' tried instead on input line 67.
LaTeX Font Info:    Font shape `JY1/gt/m/n' will be
(Font)              scaled to size 11.53198pt on input line 67.
 [1


] (./abstract.tex
LaTeX Font Info:    Font shape `JT1/mc/m/n' will be
(Font)              scaled to size 8.64899pt on input line 2.
LaTeX Font Info:    Font shape `JY1/mc/m/n' will be
(Font)              scaled to size 8.64899pt on input line 2.
LaTeX Font Info:    Font shape `JT1/gt/m/n' will be
(Font)              scaled to size 8.64899pt on input line 9.
LaTeX Font Info:    Font shape `JY1/gt/m/n' will be
(Font)              scaled to size 8.64899pt on input line 9.
LaTeX Font Info:    Font shape `JT1/gt/bx/n' in size <9> not available
(Font)              Font shape `JT1/gt/m/n' tried instead on input line 9.
LaTeX Font Info:    Font shape `JT1/gt/m/n' will be
(Font)              scaled to size 8.64899pt on input line 9.
LaTeX Font Info:    Font shape `JY1/gt/bx/n' in size <9> not available
(Font)              Font shape `JY1/gt/m/n' tried instead on input line 9.
LaTeX Font Info:    Font shape `JY1/gt/m/n' will be
(Font)              scaled to size 8.64899pt on input line 9.
 [1


]
Missing character: There is no ^^e2 in font cmr10!
Missing character: There is no ^^80 in font cmr10!
Missing character: There is no ^^8b in font cmr10!

Overfull \hbox (11.46799pt too wide) in paragraph at lines 14--16
[] [] 
 []

[2

])
LaTeX Font Info:    Font shape `JT1/mc/m/n' will be
(Font)              scaled to size 19.9311pt on input line 74.
LaTeX Font Info:    Font shape `JY1/mc/m/n' will be
(Font)              scaled to size 19.9311pt on input line 74.
LaTeX Font Info:    Font shape `JT1/gt/m/n' will be
(Font)              scaled to size 19.9311pt on input line 74.
LaTeX Font Info:    Font shape `JY1/gt/m/n' will be
(Font)              scaled to size 19.9311pt on input line 74.
LaTeX Font Info:    Font shape `JT1/gt/bx/n' in size <20.74> not available
(Font)              Font shape `JT1/gt/m/n' tried instead on input line 74.
LaTeX Font Info:    Font shape `JT1/gt/m/n' will be
(Font)              scaled to size 19.9311pt on input line 74.
LaTeX Font Info:    Font shape `JY1/gt/bx/n' in size <20.74> not available
(Font)              Font shape `JY1/gt/m/n' tried instead on input line 74.
LaTeX Font Info:    Font shape `JY1/gt/m/n' will be
(Font)              scaled to size 19.9311pt on input line 74.
 (./report.toc
LaTeX Font Info:    External font `cmex10' loaded for size
(Font)              <7> on input line 2.
LaTeX Font Info:    External font `cmex10' loaded for size
(Font)              <5> on input line 2.
LaTeX Font Info:    Font shape `JY1/mc/m/n' will be
(Font)              scaled to size 6.72699pt on input line 2.
LaTeX Font Info:    Font shape `JY1/mc/m/n' will be
(Font)              scaled to size 4.805pt on input line 2.
 [3


])
\tf@toc=\write3
\openout3 = `report.toc'.

 [4] (./background.tex
第1章
LaTeX Font Info:    Try loading font information for OMS+cmr on input line 11.
(/usr/local/texlive/2016/texmf-dist/tex/latex/base/omscmr.fd
File: omscmr.fd 2014/09/29 v2.5h Standard LaTeX font definitions
)
LaTeX Font Info:    Font shape `OMS/cmr/m/n' in size <10> not available
(Font)              Font shape `OMS/cmsy/m/n' tried instead on input line 11.
) (./purpose.tex
[1


]
第2章
) (./process.tex [2

]
第3章
[3

]
File: process_figures/calender.png Graphic file (type bmp)
 <process_figures/calender.png>
File: process_figures/joinform.png Graphic file (type bmp)
 <process_figures/joinform.png>
File: process_figures/old_create_event.png Graphic file (type bmp)

<process_figures/old_create_event.png>
Overfull \hbox (23.26692pt too wide) in paragraph at lines 37--61
[][][][] 
 []

LaTeX Font Info:    Font shape `JT1/mc/bx/n' in size <10> not available
(Font)              Font shape `JT1/gt/m/n' tried instead on input line 76.
LaTeX Font Info:    Font shape `JT1/gt/m/n' will be
(Font)              scaled to size 9.60999pt on input line 76.
LaTeX Font Info:    Font shape `JY1/mc/bx/n' in size <10> not available
(Font)              Font shape `JY1/gt/m/n' tried instead on input line 76.
LaTeX Font Info:    Font shape `JY1/gt/m/n' will be
(Font)              scaled to size 9.60999pt on input line 76.

LaTeX Warning: Reference `firstreview' on page 4 undefined on input line 76.

[4]
File: process_figures/eventlist.png Graphic file (type bmp)
 <process_figures/eventlist.png>
File: process_figures/new_create_event.png Graphic file (type bmp)
 <process_figures/new_create_event.png>
File: process_figures/joinlist.png Graphic file (type bmp)

<process_figures/joinlist.png>) (./pre_develop.tex [5]
第4章
File: monaca_overview.eps Graphic file (type eps)
<monaca_overview.eps>
File: ncmb_overview.eps Graphic file (type eps)
 <ncmb_overview.eps> [6

] [7]) (./about_app.tex [8]
第5章
[9

]
File: event_list.PNG Graphic file (type bmp)
 <event_list.PNG>
File: event_add.png Graphic file (type bmp)
 <event_add.png>
File: event_list.PNG Graphic file (type bmp)
 <event_list.PNG>
File: event_edit.PNG Graphic file (type bmp)
 <event_edit.PNG> [10]
File: event_list_town.png Graphic file (type bmp)

<event_list_town.png>
File: participant_form.png Graphic file (type bmp)
 <participant_form.png> [11]
File: participant_list.png Graphic file (type bmp)
 <participant_list.png>
File: participant_add.png Graphic file (type bmp)

<participant_add.png>
File: notification_list.PNG Graphic file (type bmp)
 <notification_list.PNG>
File: notification_add.PNG Graphic file (type bmp)
 <notification_add.PNG>
File: notification_list_after_add.PNG Graphic file (type bmp)

<notification_list_after_add.PNG>
File: notification_add.PNG Graphic file (type bmp)
 <notification_add.PNG> [12] [13]
File: notification.png Graphic file (type bmp)

<notification.png>) (./middle_presen.tex [14]
第6章
Missing character: There is no ^^e2 in font cmr10!
Missing character: There is no ^^80 in font cmr10!
Missing character: There is no ^^8b in font cmr10!
) (./middle_reflection.tex [15

]
第7章
) (./future_prospects.tex [16

]
第8章
) (./learning.tex [17

]
第9章
) (./appendixA.tex [18

]
付録A
File: appendixs/appendixA-1.png Graphic file (type bmp)
<appendixs/appendixA-1.png>
File: appendixs/appendixA-2.jpg Graphic file (type bmp)
 <appendixs/appendixA-2.jpg>

LaTeX Warning: `h' float specifier changed to `ht'.

) (./appendixB.tex [19

] [20]
付録B
File: appendixs/appendixB_figres/fig1.png Graphic file (type bmp)
<appendixs/appendixB_figres/fig1.png>
File: appendixs/appendixB_figres/fig2.png Graphic file (type bmp)
 <appendixs/appendixB_figres/fig2.png>
Overfull \hbox (23.84486pt too wide) in paragraph at lines 10--11
 [] 
 []


LaTeX Warning: `h' float specifier changed to `ht'.

File: appendixs/appendixB_figres/fig3.png Graphic file (type bmp)
<appendixs/appendixB_figres/fig3.png>
Overfull \hbox (23.84486pt too wide) in paragraph at lines 16--17
 [] 
 []


LaTeX Warning: `h' float specifier changed to `ht'.

File: appendixs/appendixB_figres/fig4.png Graphic file (type bmp)
<appendixs/appendixB_figres/fig4.png>
Overfull \hbox (23.84486pt too wide) in paragraph at lines 22--23
 [] 
 []


LaTeX Warning: `h' float specifier changed to `ht'.

File: appendixs/appendixB_figres/fig5.png Graphic file (type bmp)
<appendixs/appendixB_figres/fig5.png>
Overfull \hbox (24.54749pt too wide) in paragraph at lines 28--29
 [] 
 []


LaTeX Warning: `h' float specifier changed to `ht'.

File: appendixs/appendixB_figres/fig6.png Graphic file (type bmp)
<appendixs/appendixB_figres/fig6.png>
Overfull \hbox (24.54749pt too wide) in paragraph at lines 34--35
 [] 
 []


LaTeX Warning: `h' float specifier changed to `ht'.

File: appendixs/appendixB_figres/fig7.png Graphic file (type bmp)
<appendixs/appendixB_figres/fig7.png>
Overfull \hbox (24.54749pt too wide) in paragraph at lines 40--41
 [] 
 []


LaTeX Warning: `h' float specifier changed to `ht'.

File: appendixs/appendixB_figres/fig8.png Graphic file (type bmp)
<appendixs/appendixB_figres/fig8.png>
Overfull \hbox (24.54749pt too wide) in paragraph at lines 46--47
 [] 
 []


LaTeX Warning: `h' float specifier changed to `ht'.

File: appendixs/appendixB_figres/fig9.png Graphic file (type bmp)
<appendixs/appendixB_figres/fig9.png>
Overfull \hbox (24.54749pt too wide) in paragraph at lines 52--53
 [] 
 []


LaTeX Warning: `h' float specifier changed to `ht'.

) [21

] [22] [23] [24] [25] [26] [27] [28] [29]
Underfull \hbox (badness 1552) in paragraph at lines 125--126
[]\OT1/cmr/m/n/10 NIFTY Cloud mo-bile back-end. mBaaS \JY1/mc/m/n/10 とは\OT1/c
mr/m/n/10 . $\OT1/cmtt/m/n/10 http : / / mb . cloud . nifty . com / about .
 []


Underfull \hbox (badness 10000) in paragraph at lines 126--127
[]\OT1/cmr/m/n/10 NIFTY Cloud mo-bile back-end. \JY1/mc/m/n/10 料金\OT1/cmr/m/n
/10 . $\OT1/cmtt/m/n/10 http : / / mb . cloud . nifty . com / price . htm
 []

[30

] (./report.aux)

LaTeX Warning: There were undefined references.


LaTeX Warning: There were multiply-defined labels.

 ) 
Here is how much of TeX's memory you used:
 1576 strings out of 493683
 20457 string characters out of 6149658
 83155 words of memory out of 5000000
 5077 multiletter control sequences out of 15000+600000
 13984 words of font info for 66 fonts, out of 8000000 for 9000
 934 hyphenation exceptions out of 8191
 26i,12n,23p,1504b,508s stack positions out of 5000i,500n,10000p,200000b,80000s

Output written on report.dvi (35 pages, 82216 bytes).
