This is e-pTeX, Version 3.14159265-p3.7-160201-2.6 (utf8.euc) (TeX Live 2016) (preloaded format=platex 2016.7.18)  18 JUL 2016 21:15
entering extended mode
 restricted \write18 enabled.
 %&-line parsing enabled.
**funpro
(/usr/local/texlive/2016/texmf-dist/tex/latex/tools/x.tex
pLaTeX2e <2016/07/01> (based on LaTeX2e <2016/03/31> patch level 2)
Babel <3.9r> and hyphenation patterns for 83 language(s) loaded.

! .
l.38   \batchmode \errmessage{}
                               \csname @@end\endcsname \end
This error message was generated by an \errmessage
command, so I can't give any explicit help.
Pretend that you're Hercule Poirot: Examine all clues,
and deduce the truth by order and method.

 ) 
Here is how much of TeX's memory you used:
 6 strings out of 493683
 175 string characters out of 6149658
 54054 words of memory out of 5000000
 3671 multiletter control sequences out of 15000+600000
 7511 words of font info for 31 fonts, out of 8000000 for 9000
 929 hyphenation exceptions out of 8191
 5i,0n,3p,86b,8s stack positions out of 5000i,500n,10000p,200000b,80000s

No pages of output.
